2022-03-15 07:43:37.844 DEBUG 28484 --- [restartedMain] com.dzqc.demo3.Demo3Application          : Starting Demo3Application using Java 1.8.0_312 on LAPTOP-R8H730TQ with PID 28484 (E:\code\springboot\demo3\target\classes started by jzh in E:\code\springboot\demo3)
2022-03-15 07:43:37.849 DEBUG 28484 --- [restartedMain] com.dzqc.demo3.Demo3Application          : No active profile set, falling back to 1 default profile: "default"
2022-03-15 07:43:37.891 DEBUG 28484 --- [restartedMain] .e.DevToolsPropertyDefaultsPostProcessor : Devtools property defaults active! Set 'spring.devtools.add-properties' to 'false' to disable
2022-03-15 07:43:37.892 DEBUG 28484 --- [restartedMain] .e.DevToolsPropertyDefaultsPostProcessor : For additional web related logging consider setting the 'logging.level.web' property to 'DEBUG'
2022-03-15 07:43:38.448 DEBUG 28484 --- [restartedMain] .s.d.r.c.RepositoryConfigurationDelegate : Multiple Spring Data modules found, entering strict repository configuration mode!
2022-03-15 07:43:38.448 DEBUG 28484 --- [restartedMain] .s.d.r.c.RepositoryConfigurationDelegate : Bootstrapping Spring Data JDBC repositories in DEFAULT mode.
2022-03-15 07:43:38.459 DEBUG 28484 --- [restartedMain] .s.d.r.c.RepositoryConfigurationDelegate : Finished Spring Data repository scanning in 6 ms. Found 0 JDBC repository interfaces.
2022-03-15 07:43:38.471 DEBUG 28484 --- [restartedMain] .s.d.r.c.RepositoryConfigurationDelegate : Multiple Spring Data modules found, entering strict repository configuration mode!
2022-03-15 07:43:38.471 DEBUG 28484 --- [restartedMain] .s.d.r.c.RepositoryConfigurationDelegate : Bootstrapping Spring Data Redis repositories in DEFAULT mode.
2022-03-15 07:43:38.480 DEBUG 28484 --- [restartedMain] .s.d.r.c.RepositoryConfigurationDelegate : Finished Spring Data repository scanning in 1 ms. Found 0 Redis repository interfaces.
2022-03-15 07:43:38.884 DEBUG 28484 --- [restartedMain] o.s.b.w.embedded.tomcat.TomcatWebServer  : Tomcat initialized with port(s): 8080 (http)
2022-03-15 07:43:38.886 DEBUG 28484 --- [restartedMain] o.a.catalina.core.AprLifecycleListener   : Loaded Apache Tomcat Native library [1.2.31] using APR version [1.7.0].
2022-03-15 07:43:38.886 DEBUG 28484 --- [restartedMain] o.a.catalina.core.AprLifecycleListener   : APR capabilities: IPv6 [true], sendfile [true], accept filters [false], random [true], UDS [true].
2022-03-15 07:43:38.886 DEBUG 28484 --- [restartedMain] o.a.catalina.core.AprLifecycleListener   : APR/OpenSSL configuration: useAprConnector [false], useOpenSSL [true]
2022-03-15 07:43:38.902 DEBUG 28484 --- [restartedMain] o.a.catalina.core.AprLifecycleListener   : OpenSSL successfully initialized [OpenSSL 1.1.1l  24 Aug 2021]
2022-03-15 07:43:38.908 DEBUG 28484 --- [restartedMain] o.apache.catalina.core.StandardService   : Starting service [Tomcat]
2022-03-15 07:43:38.910 DEBUG 28484 --- [restartedMain] org.apache.catalina.core.StandardEngine  : Starting Servlet engine: [Apache Tomcat/9.0.58]
2022-03-15 07:43:38.972 DEBUG 28484 --- [restartedMain] o.a.c.c.C.[Tomcat].[localhost].[/]       : Initializing Spring embedded WebApplicationContext
2022-03-15 07:43:38.973 DEBUG 28484 --- [restartedMain] w.s.c.ServletWebServerApplicationContext : Root WebApplicationContext: initialization completed in 1081 ms
2022-03-15 07:43:39.984 DEBUG 28484 --- [restartedMain] org.thymeleaf.templatemode.TemplateMode  : [THYMELEAF][restartedMain] Template Mode 'HTML5' is deprecated. Using Template Mode 'HTML' instead.
2022-03-15 07:43:40.183 DEBUG 28484 --- [restartedMain] com.zaxxer.hikari.HikariConfig           : HikariPool-1 - idleTimeout is close to or more than maxLifetime, disabling it.
2022-03-15 07:43:40.184 DEBUG 28484 --- [restartedMain] com.zaxxer.hikari.HikariDataSource       : HikariPool-1 - Starting...
2022-03-15 07:43:40.489 DEBUG 28484 --- [restartedMain] com.zaxxer.hikari.HikariDataSource       : HikariPool-1 - Start completed.
2022-03-15 07:43:40.579 DEBUG 28484 --- [restartedMain] o.s.b.d.a.OptionalLiveReloadServer       : LiveReload server is running on port 35729
2022-03-15 07:43:40.604 DEBUG 28484 --- [restartedMain] o.s.b.w.embedded.tomcat.TomcatWebServer  : Tomcat started on port(s): 8080 (http) with context path ''
2022-03-15 07:43:40.610 DEBUG 28484 --- [restartedMain] com.dzqc.demo3.Demo3Application          : Started Demo3Application in 3.139 seconds (JVM running for 4.161)
2022-03-15 07:43:46.533 DEBUG 28484 --- [http-nio-8080-exec-1] o.a.c.c.C.[Tomcat].[localhost].[/]       : Initializing Spring DispatcherServlet 'dispatcherServlet'
2022-03-15 07:43:46.533 DEBUG 28484 --- [http-nio-8080-exec-1] o.s.web.servlet.DispatcherServlet        : Initializing Servlet 'dispatcherServlet'
2022-03-15 07:43:46.535 DEBUG 28484 --- [http-nio-8080-exec-1] o.s.web.servlet.DispatcherServlet        : Completed initialization in 2 ms
